â¯ Building...

  polyfills.js       87.7kb
  polyfills.js.map  188.5kb

âš¡ Done in 116ms
âœ˜ [ERROR] NG6001: The class 'AuthComponent' is listed in the declarations of the NgModule 'AppModule', but is not a directive, a component, or a pipe. Either remove it from the NgModule's declarations, or add an appropriate Angular decorator. [plugin angular-compiler]

    src/app/app.module.ts:34:4:
      34 â”‚     AuthComponent,
         â•µ     ~~~~~~~~~~~~~

  'AuthComponent' is declared here.

    src/app/components/auth/auth.component.ts:13:13:
      13 â”‚ export class AuthComponent implements OnInit {
         â•µ              ~~~~~~~~~~~~~

âœ˜ [ERROR] NG6008: Component ProductsComponent is standalone, and cannot be declared in an NgModule. Did you mean to import it instead? [plugin angular-compiler]

    src/app/app.module.ts:35:4:
      35 â”‚     ProductsComponent,
         â•µ     ~~~~~~~~~~~~~~~~~

âœ˜ [ERROR] NG6002: 'AuthComponent' does not appear to be an NgModule class. [plugin angular-compiler]

    src/app/app.module.ts:41:6:
      41 â”‚       AuthComponent,
         â•µ       ~~~~~~~~~~~~~

  Is it missing an @NgModule annotation?

    src/app/components/auth/auth.component.ts:13:13:
      13 â”‚ export class AuthComponent implements OnInit {
         â•µ              ~~~~~~~~~~~~~

âœ˜ [ERROR] TS2307: Cannot find module '../../../services/auth.service' or its corresponding type declarations. [plugin angular-compiler]

    src/app/components/auth/auth.component.ts:4:28:
      4 â”‚ import { AuthService } from "../../../services/auth.service";
        â•µ                             ~~~~~~~~~~~~~~~~~~~~~~~~~~~~~~~~

âœ˜ [ERROR] NG2003: No suitable injection token for parameter 'authService' of class 'AuthComponent'.
  Consider using the @Inject decorator to specify an injection token. [plugin angular-compiler]

    src/app/components/auth/auth.component.ts:23:12:
      23 â”‚     private authService: AuthService,
         â•µ             ~~~~~~~~~~~

  This type does not have a value, so it cannot be used as injection token.

    src/app/components/auth/auth.component.ts:23:25:
      23 â”‚     private authService: AuthService,
         â•µ                          ~~~~~~~~~~~

âœ˜ [ERROR] TS2307: Cannot find module '../../../models/product' or its corresponding type declarations. [plugin angular-compiler]

    src/app/components/products/products.component.ts:5:24:
      5 â”‚ ...rt { Product } from "../../../models/product";import { ProductsS...
        â•µ                        ~~~~~~~~~~~~~~~~~~~~~~~~~

â— [DEBUG] The condition "types" here will never be used as it comes after both "import" and "require" [package.json]

    node_modules/rxfire/package.json:17:6:
      17 â”‚       "types": "./index.d.ts"
         â•µ       ~~~~~~~

  The "import" condition comes earlier and will be used for all "import" statements:

    node_modules/rxfire/package.json:15:6:
      15 â”‚       "import": "./index.esm.js",
         â•µ       ~~~~~~~~

  The "require" condition comes earlier and will be used for all "require" calls:

    node_modules/rxfire/package.json:16:6:
      16 â”‚       "require": "./index.cjs.js",
         â•µ       ~~~~~~~~~

â— [DEBUG] The condition "types" here will never be used as it comes after both "import" and "require" [package.json]

    node_modules/rxfire/package.json:22:6:
      22 â”‚       "types": "./auth/index.d.ts"
         â•µ       ~~~~~~~

  The "import" condition comes earlier and will be used for all "import" statements:

    node_modules/rxfire/package.json:20:6:
      20 â”‚       "import": "./auth/index.esm.js",
         â•µ       ~~~~~~~~

  The "require" condition comes earlier and will be used for all "require" calls:

    node_modules/rxfire/package.json:21:6:
      21 â”‚       "require": "./auth/index.cjs.js",
         â•µ       ~~~~~~~~~

â— [DEBUG] The condition "types" here will never be used as it comes after both "import" and "require" [package.json]

    node_modules/rxfire/package.json:27:6:
      27 â”‚       "types": "./database/index.d.ts"
         â•µ       ~~~~~~~

  The "import" condition comes earlier and will be used for all "import" statements:

    node_modules/rxfire/package.json:25:6:
      25 â”‚       "import": "./database/index.esm.js",
         â•µ       ~~~~~~~~

  The "require" condition comes earlier and will be used for all "require" calls:

    node_modules/rxfire/package.json:26:6:
      26 â”‚       "require": "./database/index.cjs.js",
         â•µ       ~~~~~~~~~

â— [DEBUG] The condition "types" here will never be used as it comes after both "import" and "require" [package.json]

    node_modules/rxfire/package.json:32:6:
      32 â”‚       "types": "./firestore/index.d.ts"
         â•µ       ~~~~~~~

  The "import" condition comes earlier and will be used for all "import" statements:

    node_modules/rxfire/package.json:30:6:
      30 â”‚       "import": "./firestore/index.esm.js",
         â•µ       ~~~~~~~~

  The "require" condition comes earlier and will be used for all "require" calls:

    node_modules/rxfire/package.json:31:6:
      31 â”‚       "require": "./firestore/index.cjs.js",
         â•µ       ~~~~~~~~~

â— [DEBUG] The condition "types" here will never be used as it comes after both "import" and "require" [package.json]

    node_modules/rxfire/package.json:37:6:
      37 â”‚       "types": "./firestore/lite/index.d.ts"
         â•µ       ~~~~~~~

  The "import" condition comes earlier and will be used for all "import" statements:

    node_modules/rxfire/package.json:35:6:
      35 â”‚       "import": "./firestore/lite/index.esm.js",
         â•µ       ~~~~~~~~

  The "require" condition comes earlier and will be used for all "require" calls:

    node_modules/rxfire/package.json:36:6:
      36 â”‚       "require": "./firestore/lite/index.cjs.js",
         â•µ       ~~~~~~~~~

â— [DEBUG] The condition "types" here will never be used as it comes after both "import" and "require" [package.json]

    node_modules/rxfire/package.json:42:6:
      42 â”‚       "types": "./functions/index.d.ts"
         â•µ       ~~~~~~~

  The "import" condition comes earlier and will be used for all "import" statements:

    node_modules/rxfire/package.json:40:6:
      40 â”‚       "import": "./functions/index.esm.js",
         â•µ       ~~~~~~~~

  The "require" condition comes earlier and will be used for all "require" calls:

    node_modules/rxfire/package.json:41:6:
      41 â”‚       "require": "./functions/index.cjs.js",
         â•µ       ~~~~~~~~~

â— [DEBUG] The condition "types" here will never be used as it comes after both "import" and "require" [package.json]

    node_modules/rxfire/package.json:47:6:
      47 â”‚       "types": "./performance/index.d.ts"
         â•µ       ~~~~~~~

  The "import" condition comes earlier and will be used for all "import" statements:

    node_modules/rxfire/package.json:45:6:
      45 â”‚       "import": "./performance/index.esm.js",
         â•µ       ~~~~~~~~

  The "require" condition comes earlier and will be used for all "require" calls:

    node_modules/rxfire/package.json:46:6:
      46 â”‚       "require": "./performance/index.cjs.js",
         â•µ       ~~~~~~~~~

â— [DEBUG] The condition "types" here will never be used as it comes after both "import" and "require" [package.json]

    node_modules/rxfire/package.json:52:6:
      52 â”‚       "types": "./remote-config/index.d.ts"
         â•µ       ~~~~~~~

  The "import" condition comes earlier and will be used for all "import" statements:

    node_modules/rxfire/package.json:50:6:
      50 â”‚       "import": "./remote-config/index.esm.js",
         â•µ       ~~~~~~~~

  The "require" condition comes earlier and will be used for all "require" calls:

    node_modules/rxfire/package.json:51:6:
      51 â”‚       "require": "./remote-config/index.cjs.js",
         â•µ       ~~~~~~~~~

â— [DEBUG] The condition "types" here will never be used as it comes after both "import" and "require" [package.json]

    node_modules/rxfire/package.json:57:6:
      57 â”‚       "types": "./storage/index.d.ts"
         â•µ       ~~~~~~~

  The "import" condition comes earlier and will be used for all "import" statements:

    node_modules/rxfire/package.json:55:6:
      55 â”‚       "import": "./storage/index.esm.js",
         â•µ       ~~~~~~~~

  The "require" condition comes earlier and will be used for all "require" calls:

    node_modules/rxfire/package.json:56:6:
      56 â”‚       "require": "./storage/index.cjs.js",
         â•µ       ~~~~~~~~~

â— [DEBUG] Top-level "this" will be replaced with undefined since this file is an ECMAScript module [this-is-undefined-in-esm]

    node_modules/@angular/fire/fesm2022/angular-fire.mjs:143:68:
      143 â”‚ ...njectionContext(injector, () => run(() => it.apply(this, args)));
          â”‚                                                       ~~~~
          â•µ                                                       undefined

  This file is considered to be an ECMAScript module because of the "export" keyword here:

    node_modules/@angular/fire/fesm2022/angular-fire.mjs:210:0:
      210 â”‚ export { LogLevel, VERSION, setLogLevel, ÉµAngularFireSchedulers,...
          â•µ ~~~~~~

6 errors
âœ” Building...
Application bundle generation failed. [2.828 seconds] - 2025-10-22T12:20:40.389Z

[31mâœ˜ [41;31m[[41;97mERROR[41;31m][0m [1mNG6001: The class 'AuthComponent' is listed in the declarations of the NgModule 'AppModule', but is not a directive, a component, or a pipe. Either remove it from the NgModule's declarations, or add an appropriate Angular decorator.[0m [1m[35m[plugin angular-compiler][0m

    src/app/app.module.ts:34:4:
[37m      34 â”‚     [32mAuthComponent[37m,
         â•µ     [32m~~~~~~~~~~~~~[0m

  'AuthComponent' is declared here.

    src/app/components/auth/auth.component.ts:13:13:
[37m      13 â”‚ export class [32mAuthComponent[37m implements OnInit {
         â•µ              [32m~~~~~~~~~~~~~[0m


[31mâœ˜ [41;31m[[41;97mERROR[41;31m][0m [1mNG6008: Component ProductsComponent is standalone, and cannot be declared in an NgModule. Did you mean to import it instead?[0m [1m[35m[plugin angular-compiler][0m

    src/app/app.module.ts:35:4:
[37m      35 â”‚     [32mProductsComponent[37m,
         â•µ     [32m~~~~~~~~~~~~~~~~~[0m


[31mâœ˜ [41;31m[[41;97mERROR[41;31m][0m [1mNG6002: 'AuthComponent' does not appear to be an NgModule class.[0m [1m[35m[plugin angular-compiler][0m

    src/app/app.module.ts:41:6:
[37m      41 â”‚       [32mAuthComponent[37m,
         â•µ       [32m~~~~~~~~~~~~~[0m

  Is it missing an @NgModule annotation?

    src/app/components/auth/auth.component.ts:13:13:
[37m      13 â”‚ export class [32mAuthComponent[37m implements OnInit {
         â•µ              [32m~~~~~~~~~~~~~[0m


[31mâœ˜ [41;31m[[41;97mERROR[41;31m][0m [1mTS2307: Cannot find module '../../../services/auth.service' or its corresponding type declarations.[0m [1m[35m[plugin angular-compiler][0m

    src/app/components/auth/auth.component.ts:4:28:
[37m      4 â”‚ import { AuthService } from [32m"../../../services/auth.service"[37m;
        â•µ                             [32m~~~~~~~~~~~~~~~~~~~~~~~~~~~~~~~~[0m


[31mâœ˜ [41;31m[[41;97mERROR[41;31m][0m [1mNG2003: No suitable injection token for parameter 'authService' of class 'AuthComponent'.
  Consider using the @Inject decorator to specify an injection token.[0m [1m[35m[plugin angular-compiler][0m

    src/app/components/auth/auth.component.ts:23:12:
[37m      23 â”‚     private [32mauthService[37m: AuthService,
         â•µ             [32m~~~~~~~~~~~[0m

  This type does not have a value, so it cannot be used as injection token.

    src/app/components/auth/auth.component.ts:23:25:
[37m      23 â”‚     private authService: [32mAuthService[37m,
         â•µ                          [32m~~~~~~~~~~~[0m


[31mâœ˜ [41;31m[[41;97mERROR[41;31m][0m [1mTS2307: Cannot find module '../../../models/product' or its corresponding type declarations.[0m [1m[35m[plugin angular-compiler][0m

    src/app/components/products/products.component.ts:5:24:
[37m      5 â”‚ ...rt { Product } from [32m"../../../models/product"[37m;import { ProductsS...
        â•µ                        [32m~~~~~~~~~~~~~~~~~~~~~~~~~[0m


