â¯ Building...

  polyfills.js       87.7kb
  polyfills.js.map  188.5kb

âš¡ Done in 114ms
âœ˜ [ERROR] NG1010: 'imports' must be an array of components, directives, pipes, or NgModules.
  Value could not be determined statically. [plugin angular-compiler]

    src/app/components/auth/auth.component.ts:9:12:
      9 â”‚   imports: [ReactiveFormsModule],
        â•µ             ~~~~~~~~~~~~~~~~~~~

  Unknown reference.

    src/app/components/auth/auth.component.ts:9:12:
      9 â”‚   imports: [ReactiveFormsModule],
        â•µ             ~~~~~~~~~~~~~~~~~~~

âœ˜ [ERROR] TS2304: Cannot find name 'ReactiveFormsModule'. [plugin angular-compiler]

    src/app/components/auth/auth.component.ts:9:12:
      9 â”‚   imports: [ReactiveFormsModule],
        â•µ             ~~~~~~~~~~~~~~~~~~~

âœ˜ [ERROR] NG1010: 'imports' must be an array of components, directives, pipes, or NgModules.
  Value could not be determined statically. [plugin angular-compiler]

    src/app/components/products/products.component.ts:8:12:
      8 â”‚   imports: [ReactiveFormsModule],
        â•µ             ~~~~~~~~~~~~~~~~~~~

  Unknown reference.

    src/app/components/products/products.component.ts:8:12:
      8 â”‚   imports: [ReactiveFormsModule],
        â•µ             ~~~~~~~~~~~~~~~~~~~

âœ˜ [ERROR] TS2304: Cannot find name 'ReactiveFormsModule'. [plugin angular-compiler]

    src/app/components/products/products.component.ts:8:12:
      8 â”‚   imports: [ReactiveFormsModule],
        â•µ             ~~~~~~~~~~~~~~~~~~~

â— [DEBUG] The condition "types" here will never be used as it comes after both "import" and "require" [package.json]

    node_modules/rxfire/package.json:17:6:
      17 â”‚       "types": "./index.d.ts"
         â•µ       ~~~~~~~

  The "import" condition comes earlier and will be used for all "import" statements:

    node_modules/rxfire/package.json:15:6:
      15 â”‚       "import": "./index.esm.js",
         â•µ       ~~~~~~~~

  The "require" condition comes earlier and will be used for all "require" calls:

    node_modules/rxfire/package.json:16:6:
      16 â”‚       "require": "./index.cjs.js",
         â•µ       ~~~~~~~~~

â— [DEBUG] The condition "types" here will never be used as it comes after both "import" and "require" [package.json]

    node_modules/rxfire/package.json:22:6:
      22 â”‚       "types": "./auth/index.d.ts"
         â•µ       ~~~~~~~

  The "import" condition comes earlier and will be used for all "import" statements:

    node_modules/rxfire/package.json:20:6:
      20 â”‚       "import": "./auth/index.esm.js",
         â•µ       ~~~~~~~~

  The "require" condition comes earlier and will be used for all "require" calls:

    node_modules/rxfire/package.json:21:6:
      21 â”‚       "require": "./auth/index.cjs.js",
         â•µ       ~~~~~~~~~

â— [DEBUG] The condition "types" here will never be used as it comes after both "import" and "require" [package.json]

    node_modules/rxfire/package.json:27:6:
      27 â”‚       "types": "./database/index.d.ts"
         â•µ       ~~~~~~~

  The "import" condition comes earlier and will be used for all "import" statements:

    node_modules/rxfire/package.json:25:6:
      25 â”‚       "import": "./database/index.esm.js",
         â•µ       ~~~~~~~~

  The "require" condition comes earlier and will be used for all "require" calls:

    node_modules/rxfire/package.json:26:6:
      26 â”‚       "require": "./database/index.cjs.js",
         â•µ       ~~~~~~~~~

â— [DEBUG] The condition "types" here will never be used as it comes after both "import" and "require" [package.json]

    node_modules/rxfire/package.json:32:6:
      32 â”‚       "types": "./firestore/index.d.ts"
         â•µ       ~~~~~~~

  The "import" condition comes earlier and will be used for all "import" statements:

    node_modules/rxfire/package.json:30:6:
      30 â”‚       "import": "./firestore/index.esm.js",
         â•µ       ~~~~~~~~

  The "require" condition comes earlier and will be used for all "require" calls:

    node_modules/rxfire/package.json:31:6:
      31 â”‚       "require": "./firestore/index.cjs.js",
         â•µ       ~~~~~~~~~

â— [DEBUG] The condition "types" here will never be used as it comes after both "import" and "require" [package.json]

    node_modules/rxfire/package.json:37:6:
      37 â”‚       "types": "./firestore/lite/index.d.ts"
         â•µ       ~~~~~~~

  The "import" condition comes earlier and will be used for all "import" statements:

    node_modules/rxfire/package.json:35:6:
      35 â”‚       "import": "./firestore/lite/index.esm.js",
         â•µ       ~~~~~~~~

  The "require" condition comes earlier and will be used for all "require" calls:

    node_modules/rxfire/package.json:36:6:
      36 â”‚       "require": "./firestore/lite/index.cjs.js",
         â•µ       ~~~~~~~~~

â— [DEBUG] The condition "types" here will never be used as it comes after both "import" and "require" [package.json]

    node_modules/rxfire/package.json:42:6:
      42 â”‚       "types": "./functions/index.d.ts"
         â•µ       ~~~~~~~

  The "import" condition comes earlier and will be used for all "import" statements:

    node_modules/rxfire/package.json:40:6:
      40 â”‚       "import": "./functions/index.esm.js",
         â•µ       ~~~~~~~~

  The "require" condition comes earlier and will be used for all "require" calls:

    node_modules/rxfire/package.json:41:6:
      41 â”‚       "require": "./functions/index.cjs.js",
         â•µ       ~~~~~~~~~

â— [DEBUG] The condition "types" here will never be used as it comes after both "import" and "require" [package.json]

    node_modules/rxfire/package.json:47:6:
      47 â”‚       "types": "./performance/index.d.ts"
         â•µ       ~~~~~~~

  The "import" condition comes earlier and will be used for all "import" statements:

    node_modules/rxfire/package.json:45:6:
      45 â”‚       "import": "./performance/index.esm.js",
         â•µ       ~~~~~~~~

  The "require" condition comes earlier and will be used for all "require" calls:

    node_modules/rxfire/package.json:46:6:
      46 â”‚       "require": "./performance/index.cjs.js",
         â•µ       ~~~~~~~~~

â— [DEBUG] The condition "types" here will never be used as it comes after both "import" and "require" [package.json]

    node_modules/rxfire/package.json:52:6:
      52 â”‚       "types": "./remote-config/index.d.ts"
         â•µ       ~~~~~~~

  The "import" condition comes earlier and will be used for all "import" statements:

    node_modules/rxfire/package.json:50:6:
      50 â”‚       "import": "./remote-config/index.esm.js",
         â•µ       ~~~~~~~~

  The "require" condition comes earlier and will be used for all "require" calls:

    node_modules/rxfire/package.json:51:6:
      51 â”‚       "require": "./remote-config/index.cjs.js",
         â•µ       ~~~~~~~~~

â— [DEBUG] The condition "types" here will never be used as it comes after both "import" and "require" [package.json]

    node_modules/rxfire/package.json:57:6:
      57 â”‚       "types": "./storage/index.d.ts"
         â•µ       ~~~~~~~

  The "import" condition comes earlier and will be used for all "import" statements:

    node_modules/rxfire/package.json:55:6:
      55 â”‚       "import": "./storage/index.esm.js",
         â•µ       ~~~~~~~~

  The "require" condition comes earlier and will be used for all "require" calls:

    node_modules/rxfire/package.json:56:6:
      56 â”‚       "require": "./storage/index.cjs.js",
         â•µ       ~~~~~~~~~

â— [DEBUG] Top-level "this" will be replaced with undefined since this file is an ECMAScript module [this-is-undefined-in-esm]

    node_modules/@angular/fire/fesm2022/angular-fire.mjs:143:68:
      143 â”‚ ...njectionContext(injector, () => run(() => it.apply(this, args)));
          â”‚                                                       ~~~~
          â•µ                                                       undefined

  This file is considered to be an ECMAScript module because of the "export" keyword here:

    node_modules/@angular/fire/fesm2022/angular-fire.mjs:210:0:
      210 â”‚ export { LogLevel, VERSION, setLogLevel, ÉµAngularFireSchedulers,...
          â•µ ~~~~~~

4 errors
âœ” Building...
Application bundle generation failed. [3.006 seconds] - 2025-10-22T12:23:39.686Z

[31mâœ˜ [41;31m[[41;97mERROR[41;31m][0m [1mNG1010: 'imports' must be an array of components, directives, pipes, or NgModules.
  Value could not be determined statically.[0m [1m[35m[plugin angular-compiler][0m

    src/app/components/auth/auth.component.ts:9:12:
[37m      9 â”‚   imports: [[32mReactiveFormsModule[37m],
        â•µ             [32m~~~~~~~~~~~~~~~~~~~[0m

  Unknown reference.

    src/app/components/auth/auth.component.ts:9:12:
[37m      9 â”‚   imports: [[32mReactiveFormsModule[37m],
        â•µ             [32m~~~~~~~~~~~~~~~~~~~[0m


[31mâœ˜ [41;31m[[41;97mERROR[41;31m][0m [1mTS2304: Cannot find name 'ReactiveFormsModule'.[0m [1m[35m[plugin angular-compiler][0m

    src/app/components/auth/auth.component.ts:9:12:
[37m      9 â”‚   imports: [[32mReactiveFormsModule[37m],
        â•µ             [32m~~~~~~~~~~~~~~~~~~~[0m


[31mâœ˜ [41;31m[[41;97mERROR[41;31m][0m [1mNG1010: 'imports' must be an array of components, directives, pipes, or NgModules.
  Value could not be determined statically.[0m [1m[35m[plugin angular-compiler][0m

    src/app/components/products/products.component.ts:8:12:
[37m      8 â”‚   imports: [[32mReactiveFormsModule[37m],
        â•µ             [32m~~~~~~~~~~~~~~~~~~~[0m

  Unknown reference.

    src/app/components/products/products.component.ts:8:12:
[37m      8 â”‚   imports: [[32mReactiveFormsModule[37m],
        â•µ             [32m~~~~~~~~~~~~~~~~~~~[0m


[31mâœ˜ [41;31m[[41;97mERROR[41;31m][0m [1mTS2304: Cannot find name 'ReactiveFormsModule'.[0m [1m[35m[plugin angular-compiler][0m

    src/app/components/products/products.component.ts:8:12:
[37m      8 â”‚   imports: [[32mReactiveFormsModule[37m],
        â•µ             [32m~~~~~~~~~~~~~~~~~~~[0m


