[0;32m[INFO][0m Wed Oct 22 14:55:49 CET 2025: Démarrage configuration Firebase Hosting...
[0;32m[INFO][0m Vérification prérequis...
[0;32m[INFO][0m Détection outputPath Angular...
[0;32m[INFO][0m outputPath détecté : dist/gestion-stock-app
[0;32m[INFO][0m Backup anciens fichiers config...
[0;32m[INFO][0m Backup : firebase.json.backup.20251022-145549
[0;32m[INFO][0m Backup : .firebaserc.backup.20251022-145549
[0;32m[INFO][0m Firebase Project ID existant : gestiondestock-5eb46
[0;32m[INFO][0m Création firebase.json avec config hosting...
[0;32m[INFO][0m CREATED: firebase.json (public: dist/gestion-stock-app)
[0;32m[INFO][0m firebase.json valide (config hosting présente)
[0;32m[INFO][0m Build Angular production...
❯ Building...
✔ Building...
Initial chunk files   | Names         |  Raw size | Estimated transfer size
main-JX2JPYDB.js      | main          | 736.46 kB |               183.08 kB
styles-I6WKMYVS.css   | styles        |  50.08 kB |                 4.76 kB
polyfills-5CFQRCPP.js | polyfills     |  34.59 kB |                11.33 kB

                      | Initial total | 821.12 kB |               199.17 kB

Application bundle generation complete. [5.278 seconds] - 2025-10-22T13:55:56.867Z

[33m▲ [43;33m[[43;30mWARNING[43;33m][0m [1mbundle initial exceeded maximum budget. Budget 500.00 kB was not met by 321.12 kB with a total of 821.12 kB.[0m


[33m▲ [43;33m[[43;30mWARNING[43;33m][0m [1m2 rules skipped due to selector errors:
  () -> Empty sub-selector
  () -> Empty sub-selector[0m


Output location: /Users/salemkammoun/Documents/majdi/gestion-stock-app/dist/gestion-stock-app

[0;32m[INFO][0m BUILD SUCCESS
[0;31m[ERROR][0m index.html non trouvé dans dist/gestion-stock-app
