[0;32m[INFO][0m Wed Oct 22 14:57:20 CET 2025: Détection chemin correct dist...
[0;32m[INFO][0m outputPath angular.json : dist/gestion-stock-app
[0;32m[INFO][0m ✅ index.html trouvé dans : dist/gestion-stock-app/browser
[0;32m[INFO][0m Contenu de dist/gestion-stock-app/browser :
total 1648
-rw-r--r--  1 salemkammoun  staff    14K Oct 22 14:55 index.html
-rw-r--r--  1 salemkammoun  staff   719K Oct 22 14:55 main-JX2JPYDB.js
-rw-r--r--  1 salemkammoun  staff    34K Oct 22 14:55 polyfills-5CFQRCPP.js
-rw-r--r--  1 salemkammoun  staff    49K Oct 22 14:55 styles-I6WKMYVS.css
[0;32m[INFO][0m Backup : firebase.json.backup.pathfix
[0;32m[INFO][0m ✅ firebase.json mis à jour (public: dist/gestion-stock-app/browser)
[0;32m[INFO][0m ✅ firebase.json valide
[0;32m[INFO][0m Re-deploy Firebase Hosting...

=== Deploying to 'gestiondestock-5eb46'...

i  deploying hosting
i  hosting[gestiondestock-5eb46]: beginning deploy...
i  hosting[gestiondestock-5eb46]: found 4 files in dist/gestion-stock-app/browser
✔  hosting[gestiondestock-5eb46]: file upload complete
i  hosting[gestiondestock-5eb46]: finalizing version...
✔  hosting[gestiondestock-5eb46]: version finalized
i  hosting[gestiondestock-5eb46]: releasing new version...
✔  hosting[gestiondestock-5eb46]: release complete

✔  Deploy complete!

Project Console: https://console.firebase.google.com/project/gestiondestock-5eb46/overview
Hosting URL: https://gestiondestock-5eb46.web.app
[0;32m[INFO][0m ✅ DEPLOY SUCCESS !
[0;32m[INFO][0m Logs : firebase-path-fix.log
