Skipping installation: Package already installed
UPDATE package.json (1366 bytes)
- Installing packages (npm)...
âœ” Packages installed successfully.
? What features would you like to setup? (Press <space> to select, <a> to toggle
 all, <i> to invert selection, and <enter> to proceed)
â¯â—¯ Authentication
 â—¯ Google Analytics
 â—¯ App Check
 â—¯ Firestore
 â—¯ Realtime Database
 â—¯ Data Connect
 â—¯ Cloud Functions (callable)
(Move up and down to reveal more choices)[41D[41C[2K[1A[2K[1A[2K[1A[2K[1A[2K[1A[2K[1A[2K[1A[2K[1A[2K[1A[2K[G? What features would you like to setup? (Press <space> to select, <a> to toggle
 all, <i> to invert selection, and <enter> to proceed)
â¯â—‰ Authentication
 â—¯ Google Analytics
 â—¯ App Check
 â—¯ Firestore
 â—¯ Realtime Database
 â—¯ Data Connect
 â—¯ Cloud Functions (callable)
(Move up and down to reveal more choices)[41D[41C[2K[1A[2K[1A[2K[1A[2K[1A[2K[1A[2K[1A[2K[1A[2K[1A[2K[1A[2K[G? What features would you like to setup? (Press <space> to select, <a> to toggle
 all, <i> to invert selection, and <enter> to proceed)
 â—‰ Authentication
â¯â—¯ Google Analytics
 â—¯ App Check
 â—¯ Firestore
 â—¯ Realtime Database
 â—¯ Data Connect
 â—¯ Cloud Functions (callable)
(Move up and down to reveal more choices)[41D[41C[2K[1A[2K[1A[2K[1A[2K[1A[2K[1A[2K[1A[2K[1A[2K[1A[2K[1A[2K[G? What features would you like to setup? (Press <space> to select, <a> to toggle
 all, <i> to invert selection, and <enter> to proceed)
 â—‰ Authentication
 â—¯ Google Analytics
â¯â—¯ App Check
 â—¯ Firestore
 â—¯ Realtime Database
 â—¯ Data Connect
 â—¯ Cloud Functions (callable)
(Move up and down to reveal more choices)[41D[41C[2K[1A[2K[1A[2K[1A[2K[1A[2K[1A[2K[1A[2K[1A[2K[1A[2K[1A[2K[G? What features would you like to setup? (Press <space> to select, <a> to toggle
 all, <i> to invert selection, and <enter> to proceed)
 â—‰ Authentication
 â—¯ Google Analytics
â¯â—‰ App Check
 â—¯ Firestore
 â—¯ Realtime Database
 â—¯ Data Connect
 â—¯ Cloud Functions (callable)
(Move up and down to reveal more choices)[41D[41C[2K[1A[2K[1A[2K[1A[2K[1A[2K[1A[2K[1A[2K[1A[2K[1A[2K[1A[2K[G? What features would you like to setup? (Press <space> to select, <a> to toggle
 all, <i> to invert selection, and <enter> to proceed)
 â—‰ Authentication
 â—¯ Google Analytics
â¯â—¯ App Check
 â—¯ Firestore
 â—¯ Realtime Database
 â—¯ Data Connect
 â—¯ Cloud Functions (callable)
(Move up and down to reveal more choices)[41D[41C[2K[1A[2K[1A[2K[1A[2K[1A[2K[1A[2K[1A[2K[1A[2K[1A[2K[1A[2K[G? What features would you like to setup? (Press <space> to select, <a> to toggle
 all, <i> to invert selection, and <enter> to proceed)
 â—‰ Authentication
 â—¯ Google Analytics
 â—¯ App Check
â¯â—¯ Firestore
 â—¯ Realtime Database
 â—¯ Data Connect
 â—¯ Cloud Functions (callable)
(Move up and down to reveal more choices)[41D[41C[2K[1A[2K[1A[2K[1A[2K[1A[2K[1A[2K[1A[2K[1A[2K[1A[2K[1A[2K[G? What features would you like to setup? (Press <space> to select, <a> to toggle
 all, <i> to invert selection, and <enter> to proceed)
 â—‰ Authentication
 â—¯ Google Analytics
 â—¯ App Check
â¯â—‰ Firestore
 â—¯ Realtime Database
 â—¯ Data Connect
 â—¯ Cloud Functions (callable)
(Move up and down to reveal more choices)[41D[41C[2K[1A[2K[1A[2K[1A[2K[1A[2K[1A[2K[1A[2K[1A[2K[1A[2K[1A[2K[G? What features would you like to setup? (Press <space> to select, <a> to toggle
 all, <i> to invert selection, and <enter> to proceed)
 â—¯ Google Analytics
 â—¯ App Check
 â—‰ Firestore
â¯â—¯ Realtime Database
 â—¯ Data Connect
 â—¯ Cloud Functions (callable)
 â—¯ Cloud Messaging
(Move up and down to reveal more choices)[41D[41C[2K[1A[2K[1A[2K[1A[2K[1A[2K[1A[2K[1A[2K[1A[2K[1A[2K[1A[2K[G? What features would you like to setup? (Press <space> to select, <a> to toggle
 all, <i> to invert selection, and <enter> to proceed)
 â—¯ App Check
 â—‰ Firestore
 â—¯ Realtime Database
â¯â—¯ Data Connect
 â—¯ Cloud Functions (callable)
 â—¯ Cloud Messaging
 â—¯ Performance Monitoring
(Move up and down to reveal more choices)[41D[41C[2K[1A[2K[1A[2K[1A[2K[1A[2K[1A[2K[1A[2K[1A[2K[1A[2K[1A[2K[G? What features would you like to setup? (Press <space> to select, <a> to toggle
 all, <i> to invert selection, and <enter> to proceed)
 â—‰ Firestore
 â—¯ Realtime Database
 â—¯ Data Connect
â¯â—¯ Cloud Functions (callable)
 â—¯ Cloud Messaging
 â—¯ Performance Monitoring
 â—¯ Cloud Storage
(Move up and down to reveal more choices)[41D[41C[2K[1A[2K[1A[2K[1A[2K[1A[2K[1A[2K[1A[2K[1A[2K[1A[2K[1A[2K[G? What features would you like to setup? (Press <space> to select, <a> to toggle
 all, <i> to invert selection, and <enter> to proceed)
 â—¯ Realtime Database
 â—¯ Data Connect
 â—¯ Cloud Functions (callable)
â¯â—¯ Cloud Messaging
 â—¯ Performance Monitoring
 â—¯ Cloud Storage
 â—¯ Remote Config
(Move up and down to reveal more choices)[41D[41C[2K[1A[2K[1A[2K[1A[2K[1A[2K[1A[2K[1A[2K[1A[2K[1A[2K[1A[2K[G? What features would you like to setup? (Press <space> to select, <a> to toggle
 all, <i> to invert selection, and <enter> to proceed)
 â—¯ Data Connect
 â—¯ Cloud Functions (callable)
 â—¯ Cloud Messaging
â¯â—¯ Performance Monitoring
 â—¯ Cloud Storage
 â—¯ Remote Config
 â—¯ Vertex AI
(Move up and down to reveal more choices)[41D[41C[2K[1A[2K[1A[2K[1A[2K[1A[2K[1A[2K[1A[2K[1A[2K[1A[2K[1A[2K[G? What features would you like to setup? (Press <space> to select, <a> to toggle
 all, <i> to invert selection, and <enter> to proceed)
 â—¯ Cloud Functions (callable)
 â—¯ Cloud Messaging
 â—¯ Performance Monitoring
â¯â—¯ Cloud Storage
 â—¯ Remote Config
 â—¯ Vertex AI
 â—‰ Authentication
(Move up and down to reveal more choices)[41D[41C[2K[1A[2K[1A[2K[1A[2K[1A[2K[1A[2K[1A[2K[1A[2K[1A[2K[1A[2K[G? What features would you like to setup? (Press <space> to select, <a> to toggle
 all, <i> to invert selection, and <enter> to proceed)
 â—¯ Cloud Messaging
 â—¯ Performance Monitoring
 â—¯ Cloud Storage
â¯â—¯ Remote Config
 â—¯ Vertex AI
 â—‰ Authentication
 â—¯ Google Analytics
(Move up and down to reveal more choices)[41D[41C[2K[1A[2K[1A[2K[1A[2K[1A[2K[1A[2K[1A[2K[1A[2K[1A[2K[1A[2K[G? What features would you like to setup? (Press <space> to select, <a> to toggle
 all, <i> to invert selection, and <enter> to proceed)
 â—¯ Performance Monitoring
 â—¯ Cloud Storage
 â—¯ Remote Config
â¯â—¯ Vertex AI
 â—‰ Authentication
 â—¯ Google Analytics
 â—¯ App Check
(Move up and down to reveal more choices)[41D[41C[2K[1A[2K[1A[2K[1A[2K[1A[2K[1A[2K[1A[2K[1A[2K[1A[2K[1A[2K[G? What features would you like to setup? (Press <space> to select, <a> to toggle
 all, <i> to invert selection, and <enter> to proceed)
 â—¯ Cloud Storage
 â—¯ Remote Config
 â—¯ Vertex AI
â¯â—‰ Authentication
 â—¯ Google Analytics
 â—¯ App Check
 â—‰ Firestore
(Move up and down to reveal more choices)[41D[41C[2K[1A[2K[1A[2K[1A[2K[1A[2K[1A[2K[1A[2K[1A[2K[1A[2K[1A[2K[G? What features would you like to setup? (Press <space> to select, <a> to toggle
 all, <i> to invert selection, and <enter> to proceed)
 â—¯ Remote Config
 â—¯ Vertex AI
 â—‰ Authentication
â¯â—¯ Google Analytics
 â—¯ App Check
 â—‰ Firestore
 â—¯ Realtime Database
(Move up and down to reveal more choices)[41D[41C[2K[1A[2K[1A[2K[1A[2K[1A[2K[1A[2K[1A[2K[1A[2K[1A[2K[1A[2K[G? What features would you like to setup? (Press <space> to select, <a> to toggle
 all, <i> to invert selection, and <enter> to proceed)
 â—¯ Vertex AI
 â—‰ Authentication
 â—¯ Google Analytics
â¯â—¯ App Check
 â—‰ Firestore
 â—¯ Realtime Database
 â—¯ Data Connect
(Move up and down to reveal more choices)[41D[41C[2K[1A[2K[1A[2K[1A[2K[1A[2K[1A[2K[1A[2K[1A[2K[1A[2K[1A[2K[G? What features would you like to setup? (Press <space> to select, <a> to toggle
 all, <i> to invert selection, and <enter> to proceed)
 â—‰ Authentication
 â—¯ Google Analytics
 â—¯ App Check
â¯â—‰ Firestore
 â—¯ Realtime Database
 â—¯ Data Connect
 â—¯ Cloud Functions (callable)
(Move up and down to reveal more choices)[41D[41C[2K[1A[2K[1A[2K[1A[2K[1A[2K[1A[2K[1A[2K[1A[2K[1A[2K[1A[2K[G? What features would you like to setup? (Press <space> to select, <a> to toggle
 all, <i> to invert selection, and <enter> to proceed)
 â—¯ Google Analytics
 â—¯ App Check
 â—‰ Firestore
â¯â—¯ Realtime Database
 â—¯ Data Connect
 â—¯ Cloud Functions (callable)
 â—¯ Cloud Messaging
(Move up and down to reveal more choices)[41D[41C[2K[1A[2K[1A[2K[1A[2K[1A[2K[1A[2K[1A[2K[1A[2K[1A[2K[1A[2K[G? What features would you like to setup? (Press <space> to select, <a> to toggle
 all, <i> to invert selection, and <enter> to proceed)
 â—¯ App Check
 â—‰ Firestore
 â—¯ Realtime Database
â¯â—¯ Data Connect
 â—¯ Cloud Functions (callable)
 â—¯ Cloud Messaging
 â—¯ Performance Monitoring
(Move up and down to reveal more choices)[41D[41C[2K[1A[2K[1A[2K[1A[2K[1A[2K[1A[2K[1A[2K[1A[2K[1A[2K[1A[2K[G? What features would you like to setup? Authentication, Firestore[66D[66C
Using firebase-tools version 14.15.2
? Which Firebase account would you like to use? (Use arrow keys)
  [Login in with another account] 
â¯ monsuivibipolaire@gmail.com [30D[30C[2K[1A[2K[1A[2K[G? Which Firebase account would you like to use? monsuivibipolaire@gmail.com[75D[75C
- Preparing the list of your Firebase projects
âœ” Preparing the list of your Firebase projects
? Please select a project: (Use arrow keys or type to search)
â¯ [CREATE NEW PROJECT] 
  baskoula 
  gestionCaisse 
  gestionDeStock 
  lambara 
  projet1 
  projet2 
(Move up and down to reveal more choices)[8A[41D[61C[8B[2K[1A[2K[1A[2K[1A[2K[1A[2K[1A[2K[1A[2K[1A[2K[1A[2K[G? Please select a project: 
  [CREATE NEW PROJECT] 
â¯ baskoula 
  gestionCaisse 
  gestionDeStock 
  lambara 
  projet1 
  projet2 
(Move up and down to reveal more choices)[8A[41D[27C[8B[2K[1A[2K[1A[2K[1A[2K[1A[2K[1A[2K[1A[2K[1A[2K[1A[2K[G? Please select a project: 
  [CREATE NEW PROJECT] 
  baskoula 
â¯ gestionCaisse 
  gestionDeStock 
  lambara 
  projet1 
  projet2 
(Move up and down to reveal more choices)[8A[41D[27C[8B[2K[1A[2K[1A[2K[1A[2K[1A[2K[1A[2K[1A[2K[1A[2K[1A[2K[G? Please select a project: 
  baskoula 
  gestionCaisse 
â¯ gestionDeStock 
  lambara 
  projet1 
  projet2 
  projet3 
(Move up and down to reveal more choices)[8A[41D[27C[8B[2K[1A[2K[1A[2K[1A[2K[1A[2K[1A[2K[1A[2K[1A[2K[1A[2K[G? Please select a project: gestionDeStock[41D[41C
- Preparing the list of your Firebase WEB apps
âœ” Preparing the list of your Firebase WEB apps
? Please select an app: (Use arrow keys or type to search)
â¯ [CREATE NEW APP] 
  gestionstock [2A[15D[58C[2B[2K[1A[2K[1A[2K[G? Please select an app: 
  [CREATE NEW APP] 
â¯ gestionstock [2A[15D[24C[2B[2K[1A[2K[1A[2K[G? Please select an app: gestionstock[36D[36C
- Downloading configuration data of your Firebase WEB app
âœ” Downloading configuration data of your Firebase WEB app
UPDATE .gitignore (658 bytes)
UPDATE src/app/app.module.ts (2483 bytes)
