[0;32m[INFO][0m Wed Oct 22 15:20:32 CET 2025: Installation ng-select + ajout dropdowns supplier/customer...
[0;32m[INFO][0m Installation @ng-select/ng-select...

added 1 package, and audited 719 packages in 4s

109 packages are looking for funding
  run `npm fund` for details

2 moderate severity vulnerabilities

To address all issues (including breaking changes), run:
  npm audit fix --force

Run `npm audit` for details.
[0;32m[INFO][0m ✅ @ng-select/ng-select installé
[0;32m[INFO][0m ✅ ng-select styles ajoutés dans angular.json
[0;32m[INFO][0m Backups créés
[0;32m[INFO][0m Modification Entry Voucher (dropdown Fournisseurs)...
[0;32m[INFO][0m ✅ Entry Voucher TS modifié (SuppliersService + suppliers$)
[0;32m[INFO][0m ✅ Entry Voucher HTML modifié (ng-select fournisseurs)
[0;32m[INFO][0m Modification Exit Voucher (dropdown Clients)...
[0;32m[INFO][0m ✅ Exit Voucher TS modifié (CustomersService + customers$)
[0;32m[INFO][0m ✅ Exit Voucher HTML modifié (ng-select clients)
[0;32m[INFO][0m Modification Purchase Order (dropdown Fournisseurs)...
[0;32m[INFO][0m ✅ Purchase Order TS modifié
[0;32m[INFO][0m ✅ Purchase Order HTML modifié
[0;32m[INFO][0m Modification Devis (dropdown Clients)...
[0;32m[INFO][0m ✅ Devis TS modifié
[0;32m[INFO][0m ✅ Devis HTML modifié
[0;32m[INFO][0m Validation compilation...
[0;32m[INFO][0m ✅ TS OK!
