Wed Oct 22 14:29:45 CET 2025: Fix NG6008 standalone components (declarations → imports)...
BACKUP: src/app/app.module.ts
REMOVED: EntryVoucherComponent, ProductsComponent, AuthComponent de declarations
ADDED: Standalone components à imports: []
Validation...
TS OK!
❯ Building...
✔ Building...
Initial chunk files | Names         |  Raw size
main.js             | main          |   2.49 MB | 
chunk-45CPPD7L.js   | -             | 436.28 kB | 
polyfills.js        | polyfills     |  89.77 kB | 
styles.css          | styles        |  47.83 kB | 

                    | Initial total |   3.06 MB

Lazy chunk files    | Names         |  Raw size
chunk-APUO7BVX.js   | index-esm     |  73 bytes | 

Application bundle generation complete. [5.721 seconds] - 2025-10-22T13:29:54.947Z

Output location: /Users/salemkammoun/Documents/majdi/gestion-stock-app/dist/gestion-stock-app

BUILD OK (no NG6008)!
Fix NG6008 terminé ! Logs: ng6008-fix.log
